Unity Editor version:    2020.3.19f1 (68f137dc9bbe)
Branch:                  2020.3/staging
Build type:              Release
Batch mode:              YES
macOS version:           Version 10.15.4 (Build 19E287)
Darwin version:          19.4.0
Architecture:            x86_64
Running under Rosetta:   NO
Available memory:        16384 MB
Using pre-set license
Pro License: NO

COMMAND LINE ARGUMENTS:
/Volumes/Untitled/UnityVerion/2020.3.19f1/Unity.app/Contents/MacOS/Unity
-adb2
-batchMode
-noUpm
-name
AssetImportWorker0
-projectPath
/Users/ryono/Desktop/Unity Project/StepAsideUnityChan
-logFile
Logs/AssetImportWorker0.log
-srvPort
56806
Successfully changed project path to: /Users/ryono/Desktop/Unity Project/StepAsideUnityChan
/Users/ryono/Desktop/Unity Project/StepAsideUnityChan
Using Asset Import Pipeline V2.
Refreshing native plugins compatible for Editor in 159.98 ms, found 2 plugins.
Preloading 0 native plugins for Editor in 0.00 ms.
Initialize engine version: 2020.3.19f1 (68f137dc9bbe)
[Subsystems] Discovering subsystems at path /Volumes/Untitled/UnityVerion/2020.3.19f1/Unity.app/Contents/Resources/UnitySubsystems
[Subsystems] Discovering subsystems at path /Users/ryono/Desktop/Unity Project/StepAsideUnityChan/Assets
GfxDevice: creating device client; threaded=0
2021-10-08 22:08:44.899 Unity[9340:489573] Color LCD preferred device: Intel(R) Iris(TM) Graphics 550 (low power)
2021-10-08 22:08:44.899 Unity[9340:489573] Metal devices available: 1
2021-10-08 22:08:44.899 Unity[9340:489573] 0: Intel(R) Iris(TM) Graphics 550 (low power)
2021-10-08 22:08:44.900 Unity[9340:489573] Using device Intel(R) Iris(TM) Graphics 550 (low power)
Initializing Metal device caps: Intel(R) Iris(TM) Graphics 550
Initialize mono
Mono path[0] = '/Volumes/Untitled/UnityVerion/2020.3.19f1/Unity.app/Contents/Managed'
Mono path[1] = '/Volumes/Untitled/UnityVerion/2020.3.19f1/Unity.app/Contents/MonoBleedingEdge/lib/mono/unityjit'
Mono config path = '/Volumes/Untitled/UnityVerion/2020.3.19f1/Unity.app/Contents/MonoBleedingEdge/etc'
Using monoOptions --debugger-agent=transport=dt_socket,embedding=1,server=y,suspend=n,address=127.0.0.1:56340
Begin MonoManager ReloadAssembly
Registering precompiled unity dll's ...
Register platform support module: /Volumes/Untitled/UnityVerion/2020.3.19f1/Unity.app/Contents/PlaybackEngines/MacStandaloneSupport/UnityEditor.OSXStandalone.Extensions.dll
Registered in 0.312851 seconds.
Native extension for OSXStandalone target not found
Refreshing native plugins compatible for Editor in 39.87 ms, found 2 plugins.
Preloading 0 native plugins for Editor in 0.00 ms.
Mono: successfully reloaded assembly
- Completed reload, in 12.770 seconds
Domain Reload Profiling:
	ReloadAssembly (12770ms)
		BeginReloadAssembly (1305ms)
			ExecutionOrderSort (0ms)
			DisableScriptedObjects (0ms)
			BackupInstance (0ms)
			ReleaseScriptingObjects (0ms)
			CreateAndSetChildDomain (2ms)
		EndReloadAssembly (1289ms)
			LoadAssemblies (1300ms)
			RebuildTransferFunctionScriptingTraits (0ms)
			SetupTypeCache (934ms)
			ReleaseScriptCaches (0ms)
			RebuildScriptCaches (47ms)
			SetupLoadedEditorAssemblies (239ms)
				LogAssemblyErrors (0ms)
				InitializePlatformSupportModulesInManaged (5ms)
				SetLoadedEditorAssemblies (0ms)
				RefreshPlugins (40ms)
				BeforeProcessingInitializeOnLoad (34ms)
				ProcessInitializeOnLoadAttributes (119ms)
				ProcessInitializeOnLoadMethodAttributes (40ms)
				AfterProcessingInitializeOnLoad (0ms)
				EditorAssembliesLoaded (0ms)
			ExecutionOrderSort2 (0ms)
			AwakeInstancesAfterBackupRestoration (0ms)
Platform modules already initialized, skipping
Registering precompiled user dll's ...
Registered in 0.001543 seconds.
Begin MonoManager ReloadAssembly
Native extension for OSXStandalone target not found
Refreshing native plugins compatible for Editor in 0.52 ms, found 2 plugins.
Preloading 0 native plugins for Editor in 0.00 ms.
Mono: successfully reloaded assembly
- Completed reload, in  7.865 seconds
Domain Reload Profiling:
	ReloadAssembly (7868ms)
		BeginReloadAssembly (230ms)
			ExecutionOrderSort (0ms)
			DisableScriptedObjects (6ms)
			BackupInstance (0ms)
			ReleaseScriptingObjects (0ms)
			CreateAndSetChildDomain (48ms)
		EndReloadAssembly (7538ms)
			LoadAssemblies (113ms)
			RebuildTransferFunctionScriptingTraits (0ms)
			SetupTypeCache (6509ms)
			ReleaseScriptCaches (1ms)
			RebuildScriptCaches (122ms)
			SetupLoadedEditorAssemblies (504ms)
				LogAssemblyErrors (0ms)
				InitializePlatformSupportModulesInManaged (7ms)
				SetLoadedEditorAssemblies (1ms)
				RefreshPlugins (1ms)
				BeforeProcessingInitializeOnLoad (97ms)
				ProcessInitializeOnLoadAttributes (386ms)
				ProcessInitializeOnLoadMethodAttributes (9ms)
				AfterProcessingInitializeOnLoad (3ms)
				EditorAssembliesLoaded (1ms)
			ExecutionOrderSort2 (0ms)
			AwakeInstancesAfterBackupRestoration (15ms)
Platform modules already initialized, skipping
Validating Project structure ... 0.013082 seconds.
Shader import version has changed; will reimport all shaders...
Upgrading shader files ...0.020340 seconds.
Application.AssetDatabase Initial Script Refresh Start
RefreshInfo: InitialScriptRefreshV2(NoUpdateAssetOptions) scanfilter:  ... 1 filters
RefreshProfiler: Total: 0.000ms
Application.AssetDatabase Initial Script Refresh End
Application.AssetDatabase.Refresh Start
Application.AssetDatabase.Refresh End
RefreshInfo: StopAssetImportingV2(ForceSynchronousImport) scanfilter: 
RefreshProfiler: Total: 0.000ms
Launching external process: /Volumes/Untitled/UnityVerion/2020.3.19f1/Unity.app/Contents/Tools/UnityShaderCompiler
Launched and connected shader compiler UnityShaderCompiler after 0.02 seconds
Initializing Unity extensions:
========================================================================
Worker process is ready to serve import requests
Refreshing native plugins compatible for Editor in 0.75 ms, found 2 plugins.
Preloading 0 native plugins for Editor in 0.00 ms.
Unloading 1427 Unused Serialized files (Serialized files now loaded: 0)
System memory in use before: 191.1 MB.
System memory in use after: 190.8 MB.

Unloading 91 unused Assets to reduce memory usage. Loaded Objects now: 1918.
Total: 6.557155 ms (FindLiveObjects: 0.393333 ms CreateObjectMapping: 0.111909 ms MarkObjects: 5.534370 ms  DeleteObjects: 0.515057 ms)

AssetImportParameters requested are different than current active one (requested -> active):
  custom:video-decoder-ogg-theora: a1e56fd34408186e4bbccfd4996cb3dc -> 
  custom:container-muxer-webm: aa71ff27fc2769a1b78a27578f13a17b -> 
  custom:container-demuxer-webm: 4f35f7cbe854078d1ac9338744f61a02 -> 
  custom:container-demuxer-ogg: 62fdf1f143b41e24485cea50d1cbac27 -> 
  custom:video-encoder-webm-vp8: eb34c28f22e8b96e1ab97ce403110664 -> 
  custom:framework-osx-AVFoundation: b23960f63f64bdc6ff669e2cdcee2391 -> 
  custom:video-decoder-webm-vp8: 9c59270c3fd7afecdb556c50c9e8de78 -> 
  custom:audio-decoder-ogg-vorbis: bf7c407c2cedff20999df2af8eb42d56 -> 
  custom:audio-encoder-webm-vorbis: bf7c407c2cedff20999df2af8eb42d56 -> 
========================================================================
Received Import Request.
  path: Assets/coin.fbx
  artifactKey: Guid(bbdf3b0f3d3b7402ea3dd94f84453a0b) Importer(815301076,1909f56bfc062723c751e8b465ee728b)
Start importing Assets/coin.fbx using Guid(bbdf3b0f3d3b7402ea3dd94f84453a0b) Importer(815301076,1909f56bfc062723c751e8b465ee728b)  -> (artifact id: '711fdfd59c7d34141bf8a1861f9835ff') in 1.550903 seconds 
  Import took 1.557287 seconds .

========================================================================
Received Import Request.
  Time since last request: 0.014427 seconds.
  path: Assets/CoinPrefab.prefab
  artifactKey: Guid(49e5f722732534ea6afda6cc3e31dc59) Importer(815301076,1909f56bfc062723c751e8b465ee728b)
Start importing Assets/CoinPrefab.prefab using Guid(49e5f722732534ea6afda6cc3e31dc59) Importer(815301076,1909f56bfc062723c751e8b465ee728b)  -> (artifact id: '5d5622174c062bd32bcbb680cfb99636') in 0.693011 seconds 
  Import took 0.697117 seconds .

========================================================================
Received Import Request.
  Time since last request: 0.007920 seconds.
  path: Assets/NewLayer.terrainlayer
  artifactKey: Guid(139fa17b4fc3c4a39b8f56cb98a4976d) Importer(815301076,1909f56bfc062723c751e8b465ee728b)
Start importing Assets/NewLayer.terrainlayer using Guid(139fa17b4fc3c4a39b8f56cb98a4976d) Importer(815301076,1909f56bfc062723c751e8b465ee728b)  -> (artifact id: '0f2466b8cda9eb2c8be1a35d228e024e') in 0.378729 seconds 
  Import took 0.387105 seconds .

========================================================================
Received Prepare
Refreshing native plugins compatible for Editor in 2.11 ms, found 2 plugins.
Preloading 0 native plugins for Editor in 0.00 ms.
Unloading 9 Unused Serialized files (Serialized files now loaded: 0)
System memory in use before: 175.9 MB.
System memory in use after: 176.0 MB.

Unloading 10 unused Assets to reduce memory usage. Loaded Objects now: 1931.
Total: 4.533729 ms (FindLiveObjects: 0.260371 ms CreateObjectMapping: 0.055809 ms MarkObjects: 4.192083 ms  DeleteObjects: 0.024393 ms)

AssetImportParameters requested are different than current active one (requested -> active):
  custom:video-decoder-ogg-theora: a1e56fd34408186e4bbccfd4996cb3dc -> 
  custom:container-muxer-webm: aa71ff27fc2769a1b78a27578f13a17b -> 
  custom:container-demuxer-webm: 4f35f7cbe854078d1ac9338744f61a02 -> 
  custom:container-demuxer-ogg: 62fdf1f143b41e24485cea50d1cbac27 -> 
  custom:video-encoder-webm-vp8: eb34c28f22e8b96e1ab97ce403110664 -> 
  custom:framework-osx-AVFoundation: b23960f63f64bdc6ff669e2cdcee2391 -> 
  custom:video-decoder-webm-vp8: 9c59270c3fd7afecdb556c50c9e8de78 -> 
  custom:audio-decoder-ogg-vorbis: bf7c407c2cedff20999df2af8eb42d56 -> 
  custom:audio-encoder-webm-vorbis: bf7c407c2cedff20999df2af8eb42d56 -> 
========================================================================
Received Import Request.
  Time since last request: 0.174304 seconds.
  path: Assets/NewLayer.terrainlayer
  artifactKey: Guid(139fa17b4fc3c4a39b8f56cb98a4976d) Importer(815301076,1909f56bfc062723c751e8b465ee728b)
Start importing Assets/NewLayer.terrainlayer using Guid(139fa17b4fc3c4a39b8f56cb98a4976d) Importer(815301076,1909f56bfc062723c751e8b465ee728b)  -> (artifact id: '0f2466b8cda9eb2c8be1a35d228e024e') in 0.010174 seconds 
  Import took 0.013517 seconds .

========================================================================
Received Import Request.
  Time since last request: 0.000266 seconds.
  path: Assets/SkyboxMaterial.mat
  artifactKey: Guid(ef168af60b0e5462cac137aefdffdf99) Importer(815301076,1909f56bfc062723c751e8b465ee728b)
Start importing Assets/SkyboxMaterial.mat using Guid(ef168af60b0e5462cac137aefdffdf99) Importer(815301076,1909f56bfc062723c751e8b465ee728b)  -> (artifact id: '9912f38eaee8cd1c90cf47e7f48a3947') in 0.361405 seconds 
  Import took 0.364529 seconds .

========================================================================
Received Import Request.
  Time since last request: 0.004554 seconds.
  path: Assets/road.fbx
  artifactKey: Guid(df17f4b5f68eb44a5a01efb1b69bb53d) Importer(815301076,1909f56bfc062723c751e8b465ee728b)
Start importing Assets/road.fbx using Guid(df17f4b5f68eb44a5a01efb1b69bb53d) Importer(815301076,1909f56bfc062723c751e8b465ee728b)  -> (artifact id: '115b4e872da2ec69e94219b7e74fd8af') in 0.044713 seconds 
  Import took 0.049025 seconds .

========================================================================
Received Import Request.
  Time since last request: 0.000478 seconds.
  path: Assets/rbutton.png
  artifactKey: Guid(ec40825798176439aae5aebc2432ee1d) Importer(815301076,1909f56bfc062723c751e8b465ee728b)
Start importing Assets/rbutton.png using Guid(ec40825798176439aae5aebc2432ee1d) Importer(815301076,1909f56bfc062723c751e8b465ee728b)  -> (artifact id: 'adf79be5f65aa6054baf51a25c0bbf33') in 0.387944 seconds 
  Import took 0.391294 seconds .

========================================================================
Received Import Request.
  Time since last request: 0.006401 seconds.
  path: Assets/Transparent.mat
  artifactKey: Guid(86e8e476fcce74667bf01f5ea41d508d) Importer(815301076,1909f56bfc062723c751e8b465ee728b)
Start importing Assets/Transparent.mat using Guid(86e8e476fcce74667bf01f5ea41d508d) Importer(815301076,1909f56bfc062723c751e8b465ee728b)  -> (artifact id: '17dae67a53daeed0250f22bbdab3c701') in 0.443827 seconds 
  Import took 0.448072 seconds .

========================================================================
Received Import Request.
  Time since last request: 0.000361 seconds.
  path: Assets/BaseColor.mat
  artifactKey: Guid(35aaad6f0fd6b4268a7ebad110586123) Importer(815301076,1909f56bfc062723c751e8b465ee728b)
Start importing Assets/BaseColor.mat using Guid(35aaad6f0fd6b4268a7ebad110586123) Importer(815301076,1909f56bfc062723c751e8b465ee728b)  -> (artifact id: 'f4aa89ab08d9efca1f90c7e4369fedec') in 0.025168 seconds 
  Import took 0.028835 seconds .

========================================================================
Received Import Request.
  Time since last request: 0.000266 seconds.
  path: Assets/jbutton.png
  artifactKey: Guid(51ced02047bbf4bce808018eff98825f) Importer(815301076,1909f56bfc062723c751e8b465ee728b)
Start importing Assets/jbutton.png using Guid(51ced02047bbf4bce808018eff98825f) Importer(815301076,1909f56bfc062723c751e8b465ee728b)  -> (artifact id: '623081a9574f9f397a55a3cf01b262a6') in 0.018862 seconds 
  Import took 0.023481 seconds .

========================================================================
Received Import Request.
  Time since last request: 0.000595 seconds.
  path: Assets/TrafficConePrefab.prefab
  artifactKey: Guid(64e326482bb5141cd9deb8e36a37411f) Importer(815301076,1909f56bfc062723c751e8b465ee728b)
Start importing Assets/TrafficConePrefab.prefab using Guid(64e326482bb5141cd9deb8e36a37411f) Importer(815301076,1909f56bfc062723c751e8b465ee728b)  -> (artifact id: '079886001c3f6406bf80ea4847dfd900') in 0.299445 seconds 
  Import took 0.303586 seconds .

========================================================================
Received Import Request.
  Time since last request: 0.000287 seconds.
  path: Assets/lbutton.png
  artifactKey: Guid(5116b7a117a0d4639a5c4ae0b19e9632) Importer(815301076,1909f56bfc062723c751e8b465ee728b)
Start importing Assets/lbutton.png using Guid(5116b7a117a0d4639a5c4ae0b19e9632) Importer(815301076,1909f56bfc062723c751e8b465ee728b)  -> (artifact id: '93f5e2b7cfb3e1d866e0b79a91ab517e') in 0.015918 seconds 
  Import took 0.019921 seconds .

========================================================================
Received Import Request.
  Time since last request: 0.000786 seconds.
  path: Assets/road.png
  artifactKey: Guid(cb1a73aaf1eff4cf2a99a5ebf1e05de9) Importer(815301076,1909f56bfc062723c751e8b465ee728b)
Start importing Assets/road.png using Guid(cb1a73aaf1eff4cf2a99a5ebf1e05de9) Importer(815301076,1909f56bfc062723c751e8b465ee728b)  -> (artifact id: '2f93d190573449143f27c55a2ce7d037') in 0.019756 seconds 
  Import took 0.023802 seconds .

========================================================================
Received Import Request.
  Time since last request: 0.000247 seconds.
  path: Assets/CarPrefab.prefab
  artifactKey: Guid(c0040bc87881d48babf8bb85ba6664a2) Importer(815301076,1909f56bfc062723c751e8b465ee728b)
Start importing Assets/CarPrefab.prefab using Guid(c0040bc87881d48babf8bb85ba6664a2) Importer(815301076,1909f56bfc062723c751e8b465ee728b)  -> (artifact id: '9113b29833a0554c06d86caccb62b706') in 0.214503 seconds 
  Import took 0.218600 seconds .

========================================================================
Received Import Request.
  Time since last request: 0.000271 seconds.
  path: Assets/DollarColor.mat
  artifactKey: Guid(6b1d73ad7e54d460fab427db4d5525d2) Importer(815301076,1909f56bfc062723c751e8b465ee728b)
Start importing Assets/DollarColor.mat using Guid(6b1d73ad7e54d460fab427db4d5525d2) Importer(815301076,1909f56bfc062723c751e8b465ee728b)  -> (artifact id: 'a615eabe8429bf82c68a67a330f05093') in 0.012549 seconds 
  Import took 0.016225 seconds .

========================================================================
Received Import Request.
  Time since last request: 0.001649 seconds.
  path: Assets/New Terrain.asset
  artifactKey: Guid(e3ef8fef754354d38aac666b731ca7fc) Importer(815301076,1909f56bfc062723c751e8b465ee728b)
Start importing Assets/New Terrain.asset using Guid(e3ef8fef754354d38aac666b731ca7fc) Importer(815301076,1909f56bfc062723c751e8b465ee728b)  -> (artifact id: 'a17a40afcdf10b899ee46ad56a783831') in 0.312182 seconds 
  Import took 0.317862 seconds .

========================================================================
Received Prepare
Registering precompiled user dll's ...
Registered in 0.001509 seconds.
Begin MonoManager ReloadAssembly
Native extension for OSXStandalone target not found
Refreshing native plugins compatible for Editor in 0.47 ms, found 2 plugins.
Preloading 0 native plugins for Editor in 0.00 ms.
Mono: successfully reloaded assembly
- Completed reload, in  2.019 seconds
Domain Reload Profiling:
	ReloadAssembly (2023ms)
		BeginReloadAssembly (285ms)
			ExecutionOrderSort (0ms)
			DisableScriptedObjects (5ms)
			BackupInstance (0ms)
			ReleaseScriptingObjects (0ms)
			CreateAndSetChildDomain (115ms)
		EndReloadAssembly (1507ms)
			LoadAssemblies (289ms)
			RebuildTransferFunctionScriptingTraits (0ms)
			SetupTypeCache (486ms)
			ReleaseScriptCaches (1ms)
			RebuildScriptCaches (92ms)
			SetupLoadedEditorAssemblies (515ms)
				LogAssemblyErrors (0ms)
				InitializePlatformSupportModulesInManaged (6ms)
				SetLoadedEditorAssemblies (1ms)
				RefreshPlugins (0ms)
				BeforeProcessingInitializeOnLoad (164ms)
				ProcessInitializeOnLoadAttributes (335ms)
				ProcessInitializeOnLoadMethodAttributes (6ms)
				AfterProcessingInitializeOnLoad (2ms)
				EditorAssembliesLoaded (0ms)
			ExecutionOrderSort2 (0ms)
			AwakeInstancesAfterBackupRestoration (12ms)
Platform modules already initialized, skipping
Refreshing native plugins compatible for Editor in 0.42 ms, found 2 plugins.
Preloading 0 native plugins for Editor in 0.00 ms.
Unloading 1409 Unused Serialized files (Serialized files now loaded: 0)
System memory in use before: 215.5 MB.
System memory in use after: 215.6 MB.

Unloading 12 unused Assets to reduce memory usage. Loaded Objects now: 1973.
Total: 3.516387 ms (FindLiveObjects: 0.278102 ms CreateObjectMapping: 0.065412 ms MarkObjects: 3.154414 ms  DeleteObjects: 0.017429 ms)

AssetImportParameters requested are different than current active one (requested -> active):
  custom:video-decoder-ogg-theora: a1e56fd34408186e4bbccfd4996cb3dc -> 
  custom:container-muxer-webm: aa71ff27fc2769a1b78a27578f13a17b -> 
  custom:container-demuxer-webm: 4f35f7cbe854078d1ac9338744f61a02 -> 
  custom:container-demuxer-ogg: 62fdf1f143b41e24485cea50d1cbac27 -> 
  custom:video-encoder-webm-vp8: eb34c28f22e8b96e1ab97ce403110664 -> 
  custom:framework-osx-AVFoundation: b23960f63f64bdc6ff669e2cdcee2391 -> 
  custom:video-decoder-webm-vp8: 9c59270c3fd7afecdb556c50c9e8de78 -> 
  custom:audio-decoder-ogg-vorbis: bf7c407c2cedff20999df2af8eb42d56 -> 
  custom:audio-encoder-webm-vorbis: bf7c407c2cedff20999df2af8eb42d56 -> 
========================================================================
Received Prepare
Registering precompiled user dll's ...
Registered in 0.001550 seconds.
Begin MonoManager ReloadAssembly
Native extension for OSXStandalone target not found
Refreshing native plugins compatible for Editor in 0.47 ms, found 2 plugins.
Preloading 0 native plugins for Editor in 0.00 ms.
Mono: successfully reloaded assembly
- Completed reload, in  1.415 seconds
Domain Reload Profiling:
	ReloadAssembly (1415ms)
		BeginReloadAssembly (150ms)
			ExecutionOrderSort (0ms)
			DisableScriptedObjects (6ms)
			BackupInstance (0ms)
			ReleaseScriptingObjects (0ms)
			CreateAndSetChildDomain (72ms)
		EndReloadAssembly (1165ms)
			LoadAssemblies (98ms)
			RebuildTransferFunctionScriptingTraits (0ms)
			SetupTypeCache (430ms)
			ReleaseScriptCaches (1ms)
			RebuildScriptCaches (56ms)
			SetupLoadedEditorAssemblies (409ms)
				LogAssemblyErrors (0ms)
				InitializePlatformSupportModulesInManaged (8ms)
				SetLoadedEditorAssemblies (1ms)
				RefreshPlugins (1ms)
				BeforeProcessingInitializeOnLoad (144ms)
				ProcessInitializeOnLoadAttributes (249ms)
				ProcessInitializeOnLoadMethodAttributes (5ms)
				AfterProcessingInitializeOnLoad (1ms)
				EditorAssembliesLoaded (0ms)
			ExecutionOrderSort2 (0ms)
			AwakeInstancesAfterBackupRestoration (9ms)
Platform modules already initialized, skipping
Refreshing native plugins compatible for Editor in 0.41 ms, found 2 plugins.
Preloading 0 native plugins for Editor in 0.00 ms.
Unloading 1409 Unused Serialized files (Serialized files now loaded: 0)
System memory in use before: 215.7 MB.
System memory in use after: 215.8 MB.

Unloading 11 unused Assets to reduce memory usage. Loaded Objects now: 1975.
Total: 3.273254 ms (FindLiveObjects: 0.203777 ms CreateObjectMapping: 0.043659 ms MarkObjects: 3.007484 ms  DeleteObjects: 0.017293 ms)

AssetImportParameters requested are different than current active one (requested -> active):
  custom:video-decoder-ogg-theora: a1e56fd34408186e4bbccfd4996cb3dc -> 
  custom:container-muxer-webm: aa71ff27fc2769a1b78a27578f13a17b -> 
  custom:container-demuxer-webm: 4f35f7cbe854078d1ac9338744f61a02 -> 
  custom:container-demuxer-ogg: 62fdf1f143b41e24485cea50d1cbac27 -> 
  custom:video-encoder-webm-vp8: eb34c28f22e8b96e1ab97ce403110664 -> 
  custom:framework-osx-AVFoundation: b23960f63f64bdc6ff669e2cdcee2391 -> 
  custom:video-decoder-webm-vp8: 9c59270c3fd7afecdb556c50c9e8de78 -> 
  custom:audio-decoder-ogg-vorbis: bf7c407c2cedff20999df2af8eb42d56 -> 
  custom:audio-encoder-webm-vorbis: bf7c407c2cedff20999df2af8eb42d56 -> 
========================================================================
Received Prepare
Registering precompiled user dll's ...
Registered in 0.002076 seconds.
Begin MonoManager ReloadAssembly
Native extension for OSXStandalone target not found
Refreshing native plugins compatible for Editor in 0.64 ms, found 2 plugins.
Preloading 0 native plugins for Editor in 0.00 ms.
Mono: successfully reloaded assembly
- Completed reload, in  1.365 seconds
Domain Reload Profiling:
	ReloadAssembly (1366ms)
		BeginReloadAssembly (150ms)
			ExecutionOrderSort (0ms)
			DisableScriptedObjects (6ms)
			BackupInstance (0ms)
			ReleaseScriptingObjects (0ms)
			CreateAndSetChildDomain (73ms)
		EndReloadAssembly (1133ms)
			LoadAssemblies (91ms)
			RebuildTransferFunctionScriptingTraits (0ms)
			SetupTypeCache (422ms)
			ReleaseScriptCaches (1ms)
			RebuildScriptCaches (57ms)
			SetupLoadedEditorAssemblies (409ms)
				LogAssemblyErrors (0ms)
				InitializePlatformSupportModulesInManaged (8ms)
				SetLoadedEditorAssemblies (1ms)
				RefreshPlugins (1ms)
				BeforeProcessingInitializeOnLoad (147ms)
				ProcessInitializeOnLoadAttributes (246ms)
				ProcessInitializeOnLoadMethodAttributes (5ms)
				AfterProcessingInitializeOnLoad (1ms)
				EditorAssembliesLoaded (0ms)
			ExecutionOrderSort2 (0ms)
			AwakeInstancesAfterBackupRestoration (9ms)
Platform modules already initialized, skipping
Refreshing native plugins compatible for Editor in 0.45 ms, found 2 plugins.
Preloading 0 native plugins for Editor in 0.00 ms.
Unloading 1409 Unused Serialized files (Serialized files now loaded: 0)
System memory in use before: 215.9 MB.
System memory in use after: 216.0 MB.

Unloading 11 unused Assets to reduce memory usage. Loaded Objects now: 1977.
Total: 3.863394 ms (FindLiveObjects: 0.227942 ms CreateObjectMapping: 0.062379 ms MarkObjects: 3.553014 ms  DeleteObjects: 0.019015 ms)

AssetImportParameters requested are different than current active one (requested -> active):
  custom:video-decoder-ogg-theora: a1e56fd34408186e4bbccfd4996cb3dc -> 
  custom:container-muxer-webm: aa71ff27fc2769a1b78a27578f13a17b -> 
  custom:container-demuxer-webm: 4f35f7cbe854078d1ac9338744f61a02 -> 
  custom:container-demuxer-ogg: 62fdf1f143b41e24485cea50d1cbac27 -> 
  custom:video-encoder-webm-vp8: eb34c28f22e8b96e1ab97ce403110664 -> 
  custom:framework-osx-AVFoundation: b23960f63f64bdc6ff669e2cdcee2391 -> 
  custom:video-decoder-webm-vp8: 9c59270c3fd7afecdb556c50c9e8de78 -> 
  custom:audio-decoder-ogg-vorbis: bf7c407c2cedff20999df2af8eb42d56 -> 
  custom:audio-encoder-webm-vorbis: bf7c407c2cedff20999df2af8eb42d56 -> 
========================================================================
Received Prepare
Registering precompiled user dll's ...
Registered in 0.002444 seconds.
Begin MonoManager ReloadAssembly
Native extension for OSXStandalone target not found
Refreshing native plugins compatible for Editor in 0.98 ms, found 2 plugins.
Preloading 0 native plugins for Editor in 0.00 ms.
[ScriptCompilation] NOT recompiling all scripts because this is an import worker process. Reason to compile was: Define symbols changed
Mono: successfully reloaded assembly
- Completed reload, in  3.245 seconds
Domain Reload Profiling:
	ReloadAssembly (3246ms)
		BeginReloadAssembly (310ms)
			ExecutionOrderSort (0ms)
			DisableScriptedObjects (12ms)
			BackupInstance (0ms)
			ReleaseScriptingObjects (0ms)
			CreateAndSetChildDomain (139ms)
		EndReloadAssembly (2659ms)
			LoadAssemblies (230ms)
			RebuildTransferFunctionScriptingTraits (0ms)
			SetupTypeCache (884ms)
			ReleaseScriptCaches (1ms)
			RebuildScriptCaches (129ms)
			SetupLoadedEditorAssemblies (1003ms)
				LogAssemblyErrors (0ms)
				InitializePlatformSupportModulesInManaged (15ms)
				SetLoadedEditorAssemblies (5ms)
				RefreshPlugins (1ms)
				BeforeProcessingInitializeOnLoad (337ms)
				ProcessInitializeOnLoadAttributes (618ms)
				ProcessInitializeOnLoadMethodAttributes (8ms)
				AfterProcessingInitializeOnLoad (18ms)
				EditorAssembliesLoaded (0ms)
			ExecutionOrderSort2 (0ms)
			AwakeInstancesAfterBackupRestoration (48ms)
Platform modules already initialized, skipping
Refreshing native plugins compatible for Editor in 0.76 ms, found 2 plugins.
Preloading 0 native plugins for Editor in 0.00 ms.
Unloading 1529 Unused Serialized files (Serialized files now loaded: 0)
System memory in use before: 225.1 MB.
System memory in use after: 223.2 MB.

Unloading 38 unused Assets to reduce memory usage. Loaded Objects now: 2083.
Total: 7.516835 ms (FindLiveObjects: 0.471136 ms CreateObjectMapping: 0.168917 ms MarkObjects: 5.573622 ms  DeleteObjects: 1.301310 ms)

AssetImportParameters requested are different than current active one (requested -> active):
  custom:video-decoder-ogg-theora: a1e56fd34408186e4bbccfd4996cb3dc -> 
  custom:container-muxer-webm: aa71ff27fc2769a1b78a27578f13a17b -> 
  custom:container-demuxer-webm: 4f35f7cbe854078d1ac9338744f61a02 -> 
  custom:container-demuxer-ogg: 62fdf1f143b41e24485cea50d1cbac27 -> 
  custom:video-encoder-webm-vp8: eb34c28f22e8b96e1ab97ce403110664 -> 
  custom:framework-osx-AVFoundation: b23960f63f64bdc6ff669e2cdcee2391 -> 
  custom:video-decoder-webm-vp8: 9c59270c3fd7afecdb556c50c9e8de78 -> 
  custom:audio-decoder-ogg-vorbis: bf7c407c2cedff20999df2af8eb42d56 -> 
  custom:audio-encoder-webm-vorbis: bf7c407c2cedff20999df2af8eb42d56 -> 
